<?xml version="1.0" encoding="UTF-8"?>
<!-- Generated by org.testng.reporters.JUnitXMLReporter -->
<testsuite hostname="LAPTOP-TL4SNSBJ" ignored="5" name="Hike POS Test Automation" tests="3" failures="0" timestamp="11 Feb 2021 12:05:13 GMT" time="460.618" errors="0">
  <testcase name="a_verifyLoginFunctionality_03" time="93.207" classname="LoginTS.LoginTC"/>
  <testcase name="c_saleCompositeProductAndVerifyInSaleHistoryAndReportingSide_19" time="180.758" classname="PointofSaleTS.ProcessSaleTS.ProcessSaleTC"/>
  <testcase name="d_saleUnitOfMeasureProductAndVerifyInSaleHistoryAndReportingSide_22" time="184.806" classname="PointofSaleTS.ProcessSaleTS.ProcessSaleTC"/>
  <testcase name="a_verifyLoginFunctionalitydynamic_05" time="0.0" classname="LoginTS.LoginTC">
    <ignored/>
  </testcase> <!-- a_verifyLoginFunctionalitydynamic_05 -->
  <testcase name="@BeforeSuite launchBrowser" time="0.0" classname="Config.Base.BaseTest">
    <ignored/>
  </testcase> <!-- @BeforeSuite launchBrowser -->
  <testcase name="a_checkedNewProductAppearedOnTheEnterSalePage_13" time="0.0" classname="PointofSaleTS.ProcessSaleTS.ProcessSaleTC">
    <ignored/>
  </testcase> <!-- a_checkedNewProductAppearedOnTheEnterSalePage_13 -->
  <testcase name="@AfterSuite afterSuite" time="0.0" classname="Config.Base.BaseTest">
    <ignored/>
  </testcase> <!-- @AfterSuite afterSuite -->
  <testcase name="b_AddedNewProductToCartAndCheckOutWithCashPaymentOnCashRegisterPageVerifyTotalsAreUpdateCorrectly_14" time="0.0" classname="PointofSaleTS.ProcessSaleTS.ProcessSaleTC">
    <ignored/>
  </testcase> <!-- b_AddedNewProductToCartAndCheckOutWithCashPaymentOnCashRegisterPageVerifyTotalsAreUpdateCorrectly_14 -->
</testsuite> <!-- Hike POS Test Automation -->
